2025-09-02 09:17:50.715 [Test worker] INFO  c.s.h.b.CucumberSpringConfiguration - Starting CucumberSpringConfiguration using Java 17.0.15 with PID 83047 (started by cedricdalle in /Users/cedricdalle/workspace/softway/app)
2025-09-02 09:17:50.717 [Test worker] INFO  c.s.h.b.CucumberSpringConfiguration - No active profile set, falling back to 1 default profile: "default"
2025-09-02 09:17:51.053 [Test worker] INFO  c.s.h.b.CucumberSpringConfiguration - Started CucumberSpringConfiguration in 0.475 seconds (process running for 1.013)
2025-09-02 10:01:52.575 [Test worker] INFO  c.s.h.b.CucumberSpringConfiguration - Starting CucumberSpringConfiguration using Java 17.0.15 with PID 86733 (started by cedricdalle in /Users/cedricdalle/workspace/softway/app)
2025-09-02 10:01:52.576 [Test worker] INFO  c.s.h.b.CucumberSpringConfiguration - No active profile set, falling back to 1 default profile: "default"
2025-09-02 10:01:52.887 [Test worker] INFO  c.s.h.b.CucumberSpringConfiguration - Started CucumberSpringConfiguration in 0.449 seconds (process running for 0.991)
2025-09-02 10:01:53.275 [Test worker] INFO  c.s.h.bdd.steps.DiagnosticSteps - üîß Initialisation de la cabine d'auto-diagnostic...
2025-09-02 10:01:53.276 [Test worker] INFO  c.s.h.bdd.steps.DiagnosticSteps - ‚úÖ Cabine op√©rationnelle !
2025-09-02 10:01:53.277 [Test worker] INFO  c.s.h.bdd.steps.DiagnosticSteps - üë§ Patient cr√©√© avec index de sant√©: 33
2025-09-02 10:01:53.278 [Test worker] INFO  c.s.h.bdd.steps.DiagnosticSteps - üîç Analyse de l'index de sant√©: 33
2025-09-02 10:01:53.278 [Test worker] INFO  c.s.h.service.DiagnosticService - D√©but de l'analyse de l'index de sant√©: 33
2025-09-02 10:01:53.278 [Test worker] INFO  c.s.h.service.DiagnosticService - Analyse termin√©e. Pathologies d√©tect√©es: [CARDIOLOGY]
2025-09-02 10:01:53.278 [Test worker] INFO  c.s.h.bdd.steps.DiagnosticSteps - üìä R√©sultat de l'analyse: [CARDIOLOGY]
2025-09-02 10:01:53.278 [Test worker] INFO  c.s.h.bdd.steps.DiagnosticSteps - ‚ù§Ô∏è V√©rification probl√®me cardiaque...
2025-09-02 10:01:53.278 [Test worker] INFO  c.s.h.bdd.steps.DiagnosticSteps - ‚úÖ Probl√®me cardiaque d√©tect√© !
2025-09-02 10:01:53.278 [Test worker] INFO  c.s.h.bdd.steps.DiagnosticSteps - üìã V√©rification r√©ponse: Cardiologie
2025-09-02 10:01:53.279 [Test worker] INFO  c.s.h.bdd.steps.DiagnosticSteps - ‚úÖ R√©ponse correcte !
2025-09-02 10:01:53.287 [Test worker] INFO  c.s.h.bdd.steps.DiagnosticSteps - üîß Initialisation de la cabine d'auto-diagnostic...
2025-09-02 10:01:53.287 [Test worker] INFO  c.s.h.bdd.steps.DiagnosticSteps - ‚úÖ Cabine op√©rationnelle !
2025-09-02 10:01:53.287 [Test worker] INFO  c.s.h.bdd.steps.DiagnosticSteps - üë§ Patient cr√©√© avec index de sant√©: 55
2025-09-02 10:01:53.287 [Test worker] INFO  c.s.h.bdd.steps.DiagnosticSteps - üîç Analyse de l'index de sant√©: 55
2025-09-02 10:01:53.287 [Test worker] INFO  c.s.h.service.DiagnosticService - D√©but de l'analyse de l'index de sant√©: 55
2025-09-02 10:01:53.287 [Test worker] INFO  c.s.h.service.DiagnosticService - Analyse termin√©e. Pathologies d√©tect√©es: [TRAUMATOLOGY]
2025-09-02 10:01:53.287 [Test worker] INFO  c.s.h.bdd.steps.DiagnosticSteps - üìä R√©sultat de l'analyse: [TRAUMATOLOGY]
2025-09-02 10:01:53.287 [Test worker] INFO  c.s.h.bdd.steps.DiagnosticSteps - ü¶¥ V√©rification fracture...
2025-09-02 10:01:53.287 [Test worker] INFO  c.s.h.bdd.steps.DiagnosticSteps - ‚úÖ Fracture d√©tect√©e !
2025-09-02 10:01:53.288 [Test worker] INFO  c.s.h.bdd.steps.DiagnosticSteps - üìã V√©rification r√©ponse: Traumatologie
2025-09-02 10:01:53.288 [Test worker] INFO  c.s.h.bdd.steps.DiagnosticSteps - ‚úÖ R√©ponse correcte !
2025-09-02 10:01:53.292 [Test worker] INFO  c.s.h.bdd.steps.DiagnosticSteps - üîß Initialisation de la cabine d'auto-diagnostic...
2025-09-02 10:01:53.292 [Test worker] INFO  c.s.h.bdd.steps.DiagnosticSteps - ‚úÖ Cabine op√©rationnelle !
2025-09-02 10:01:53.292 [Test worker] INFO  c.s.h.bdd.steps.DiagnosticSteps - üë§ Patient cr√©√© avec index de sant√©: 15
2025-09-02 10:01:53.292 [Test worker] INFO  c.s.h.bdd.steps.DiagnosticSteps - üîç Analyse de l'index de sant√©: 15
2025-09-02 10:01:53.292 [Test worker] INFO  c.s.h.service.DiagnosticService - D√©but de l'analyse de l'index de sant√©: 15
2025-09-02 10:01:53.292 [Test worker] INFO  c.s.h.service.DiagnosticService - Analyse termin√©e. Pathologies d√©tect√©es: [CARDIOLOGY, TRAUMATOLOGY]
2025-09-02 10:01:53.292 [Test worker] INFO  c.s.h.bdd.steps.DiagnosticSteps - üìä R√©sultat de l'analyse: [CARDIOLOGY, TRAUMATOLOGY]
2025-09-02 10:01:53.292 [Test worker] INFO  c.s.h.bdd.steps.DiagnosticSteps - ‚ù§Ô∏è V√©rification probl√®me cardiaque...
2025-09-02 10:01:53.292 [Test worker] INFO  c.s.h.bdd.steps.DiagnosticSteps - ‚úÖ Probl√®me cardiaque d√©tect√© !
2025-09-02 10:01:53.292 [Test worker] INFO  c.s.h.bdd.steps.DiagnosticSteps - ü¶¥ V√©rification fracture...
2025-09-02 10:01:53.293 [Test worker] INFO  c.s.h.bdd.steps.DiagnosticSteps - ‚úÖ Fracture d√©tect√©e !
2025-09-02 10:01:53.293 [Test worker] INFO  c.s.h.bdd.steps.DiagnosticSteps - üìã V√©rification r√©ponse: Cardiologie, Traumatologie
2025-09-02 10:01:53.293 [Test worker] INFO  c.s.h.bdd.steps.DiagnosticSteps - ‚úÖ R√©ponse correcte !
2025-09-02 10:01:53.297 [Test worker] INFO  c.s.h.bdd.steps.DiagnosticSteps - üîß Initialisation de la cabine d'auto-diagnostic...
2025-09-02 10:01:53.297 [Test worker] INFO  c.s.h.bdd.steps.DiagnosticSteps - ‚úÖ Cabine op√©rationnelle !
2025-09-02 10:01:53.297 [Test worker] INFO  c.s.h.bdd.steps.DiagnosticSteps - üë§ Patient cr√©√© avec index de sant√©: 7
2025-09-02 10:01:53.297 [Test worker] INFO  c.s.h.bdd.steps.DiagnosticSteps - üîç Analyse de l'index de sant√©: 7
2025-09-02 10:01:53.297 [Test worker] INFO  c.s.h.service.DiagnosticService - D√©but de l'analyse de l'index de sant√©: 7
2025-09-02 10:01:53.297 [Test worker] INFO  c.s.h.service.DiagnosticService - Analyse termin√©e. Pathologies d√©tect√©es: []
2025-09-02 10:01:53.297 [Test worker] INFO  c.s.h.bdd.steps.DiagnosticSteps - üìä R√©sultat de l'analyse: []
2025-09-02 10:01:53.297 [Test worker] INFO  c.s.h.bdd.steps.DiagnosticSteps - üîç V√©rification aucune pathologie...
2025-09-02 10:01:53.297 [Test worker] INFO  c.s.h.bdd.steps.DiagnosticSteps - ‚úÖ Aucune pathologie d√©tect√©e !
2025-09-02 10:01:53.297 [Test worker] INFO  c.s.h.bdd.steps.DiagnosticSteps - üìã V√©rification r√©ponse: 
2025-09-02 10:01:53.297 [Test worker] INFO  c.s.h.bdd.steps.DiagnosticSteps - ‚úÖ R√©ponse correcte !
2025-09-02 10:01:53.301 [Test worker] INFO  c.s.h.bdd.steps.DiagnosticSteps - üîß Initialisation de la cabine d'auto-diagnostic...
2025-09-02 10:01:53.301 [Test worker] INFO  c.s.h.bdd.steps.DiagnosticSteps - ‚úÖ Cabine op√©rationnelle !
2025-09-02 10:01:53.301 [Test worker] INFO  c.s.h.bdd.steps.DiagnosticSteps - üë§ Patient cr√©√© avec index de sant√©: 0
2025-09-02 10:01:53.301 [Test worker] INFO  c.s.h.bdd.steps.DiagnosticSteps - üîç Analyse de l'index de sant√©: 0
2025-09-02 10:01:53.301 [Test worker] INFO  c.s.h.service.DiagnosticService - D√©but de l'analyse de l'index de sant√©: 0
2025-09-02 10:01:53.301 [Test worker] ERROR c.s.h.service.DiagnosticService - Index de sant√© invalide: 0
com.softway.hospital.exception.InvalidHealthIndexException: Index de sant√© invalide [0]: L'index de sant√© doit √™tre positif
	at com.softway.hospital.service.impl.StandardDiagnosticStrategy.validateHealthIndex(StandardDiagnosticStrategy.java:59)
	at com.softway.hospital.service.impl.StandardDiagnosticStrategy.analyzeHealthIndex(StandardDiagnosticStrategy.java:32)
	at com.softway.hospital.service.DiagnosticService.analyzeHealthIndex(DiagnosticService.java:42)
	at com.softway.hospital.bdd.steps.DiagnosticSteps.jAnalyseLIndexDeSante(DiagnosticSteps.java:45)
	at java.base/jdk.internal.reflect.NativeMethodAccessorImpl.invoke0(Native Method)
	at java.base/jdk.internal.reflect.NativeMethodAccessorImpl.invoke(NativeMethodAccessorImpl.java:77)
	at java.base/jdk.internal.reflect.DelegatingMethodAccessorImpl.invoke(DelegatingMethodAccessorImpl.java:43)
	at java.base/java.lang.reflect.Method.invoke(Method.java:569)
	at io.cucumber.java.Invoker.doInvoke(Invoker.java:66)
	at io.cucumber.java.Invoker.invoke(Invoker.java:24)
	at io.cucumber.java.AbstractGlueDefinition.invokeMethod(AbstractGlueDefinition.java:47)
	at io.cucumber.java.JavaStepDefinition.execute(JavaStepDefinition.java:29)
	at io.cucumber.core.runner.CoreStepDefinition.execute(CoreStepDefinition.java:66)
	at io.cucumber.core.runner.PickleStepDefinitionMatch.runStep(PickleStepDefinitionMatch.java:63)
	at io.cucumber.core.runner.ExecutionMode$1.execute(ExecutionMode.java:10)
	at io.cucumber.core.runner.TestStep.executeStep(TestStep.java:84)
	at io.cucumber.core.runner.TestStep.run(TestStep.java:56)
	at io.cucumber.core.runner.PickleStepTestStep.run(PickleStepTestStep.java:51)
	at io.cucumber.core.runner.TestCase.run(TestCase.java:84)
	at io.cucumber.core.runner.Runner.runPickle(Runner.java:75)
	at io.cucumber.junit.platform.engine.CucumberEngineExecutionContext.lambda$runTestCase$4(CucumberEngineExecutionContext.java:112)
	at io.cucumber.core.runtime.CucumberExecutionContext.lambda$runTestCase$5(CucumberExecutionContext.java:137)
	at io.cucumber.core.runtime.RethrowingThrowableCollector.executeAndThrow(RethrowingThrowableCollector.java:23)
	at io.cucumber.core.runtime.CucumberExecutionContext.runTestCase(CucumberExecutionContext.java:137)
	at io.cucumber.junit.platform.engine.CucumberEngineExecutionContext.runTestCase(CucumberEngineExecutionContext.java:109)
	at io.cucumber.junit.platform.engine.NodeDescriptor$PickleDescriptor.execute(NodeDescriptor.java:168)
	at io.cucumber.junit.platform.engine.NodeDescriptor$PickleDescriptor.execute(NodeDescriptor.java:90)
	at org.junit.platform.engine.support.hierarchical.NodeTestTask.lambda$executeRecursively$6(NodeTestTask.java:151)
	at org.junit.platform.engine.support.hierarchical.ThrowableCollector.execute(ThrowableCollector.java:73)
	at org.junit.platform.engine.support.hierarchical.NodeTestTask.lambda$executeRecursively$8(NodeTestTask.java:141)
	at org.junit.platform.engine.support.hierarchical.Node.around(Node.java:137)
	at org.junit.platform.engine.support.hierarchical.NodeTestTask.lambda$executeRecursively$9(NodeTestTask.java:139)
	at org.junit.platform.engine.support.hierarchical.ThrowableCollector.execute(ThrowableCollector.java:73)
	at org.junit.platform.engine.support.hierarchical.NodeTestTask.executeRecursively(NodeTestTask.java:138)
	at org.junit.platform.engine.support.hierarchical.NodeTestTask.execute(NodeTestTask.java:95)
	at java.base/java.util.ArrayList.forEach(ArrayList.java:1511)
	at org.junit.platform.engine.support.hierarchical.SameThreadHierarchicalTestExecutorService.invokeAll(SameThreadHierarchicalTestExecutorService.java:41)
	at org.junit.platform.engine.support.hierarchical.NodeTestTask.lambda$executeRecursively$6(NodeTestTask.java:155)
	at org.junit.platform.engine.support.hierarchical.ThrowableCollector.execute(ThrowableCollector.java:73)
	at org.junit.platform.engine.support.hierarchical.NodeTestTask.lambda$executeRecursively$8(NodeTestTask.java:141)
	at org.junit.platform.engine.support.hierarchical.Node.around(Node.java:137)
	at org.junit.platform.engine.support.hierarchical.NodeTestTask.lambda$executeRecursively$9(NodeTestTask.java:139)
	at org.junit.platform.engine.support.hierarchical.ThrowableCollector.execute(ThrowableCollector.java:73)
	at org.junit.platform.engine.support.hierarchical.NodeTestTask.executeRecursively(NodeTestTask.java:138)
	at org.junit.platform.engine.support.hierarchical.NodeTestTask.execute(NodeTestTask.java:95)
	at java.base/java.util.ArrayList.forEach(ArrayList.java:1511)
	at org.junit.platform.engine.support.hierarchical.SameThreadHierarchicalTestExecutorService.invokeAll(SameThreadHierarchicalTestExecutorService.java:41)
	at org.junit.platform.engine.support.hierarchical.NodeTestTask.lambda$executeRecursively$6(NodeTestTask.java:155)
	at org.junit.platform.engine.support.hierarchical.ThrowableCollector.execute(ThrowableCollector.java:73)
	at org.junit.platform.engine.support.hierarchical.NodeTestTask.lambda$executeRecursively$8(NodeTestTask.java:141)
	at org.junit.platform.engine.support.hierarchical.Node.around(Node.java:137)
	at org.junit.platform.engine.support.hierarchical.NodeTestTask.lambda$executeRecursively$9(NodeTestTask.java:139)
	at org.junit.platform.engine.support.hierarchical.ThrowableCollector.execute(ThrowableCollector.java:73)
	at org.junit.platform.engine.support.hierarchical.NodeTestTask.executeRecursively(NodeTestTask.java:138)
	at org.junit.platform.engine.support.hierarchical.NodeTestTask.execute(NodeTestTask.java:95)
	at org.junit.platform.engine.support.hierarchical.SameThreadHierarchicalTestExecutorService.submit(SameThreadHierarchicalTestExecutorService.java:35)
	at org.junit.platform.engine.support.hierarchical.HierarchicalTestExecutor.execute(HierarchicalTestExecutor.java:57)
	at org.junit.platform.engine.support.hierarchical.HierarchicalTestEngine.execute(HierarchicalTestEngine.java:54)
	at org.junit.platform.launcher.core.EngineExecutionOrchestrator.execute(EngineExecutionOrchestrator.java:198)
	at org.junit.platform.launcher.core.EngineExecutionOrchestrator.execute(EngineExecutionOrchestrator.java:169)
	at org.junit.platform.launcher.core.EngineExecutionOrchestrator.execute(EngineExecutionOrchestrator.java:93)
	at org.junit.platform.launcher.core.EngineExecutionOrchestrator.execute(EngineExecutionOrchestrator.java:76)
	at org.junit.platform.suite.engine.SuiteLauncher.execute(SuiteLauncher.java:63)
	at org.junit.platform.suite.engine.SuiteTestDescriptor.execute(SuiteTestDescriptor.java:128)
	at org.junit.platform.suite.engine.SuiteTestEngine.lambda$execute$0(SuiteTestEngine.java:73)
	at java.base/java.util.stream.ForEachOps$ForEachOp$OfRef.accept(ForEachOps.java:183)
	at java.base/java.util.stream.ReferencePipeline$3$1.accept(ReferencePipeline.java:197)
	at java.base/java.util.Iterator.forEachRemaining(Iterator.java:133)
	at java.base/java.util.Spliterators$IteratorSpliterator.forEachRemaining(Spliterators.java:1845)
	at java.base/java.util.stream.AbstractPipeline.copyInto(AbstractPipeline.java:509)
	at java.base/java.util.stream.AbstractPipeline.wrapAndCopyInto(AbstractPipeline.java:499)
	at java.base/java.util.stream.ForEachOps$ForEachOp.evaluateSequential(ForEachOps.java:150)
	at java.base/java.util.stream.ForEachOps$ForEachOp$OfRef.evaluateSequential(ForEachOps.java:173)
	at java.base/java.util.stream.AbstractPipeline.evaluate(AbstractPipeline.java:234)
	at java.base/java.util.stream.ReferencePipeline.forEach(ReferencePipeline.java:596)
	at org.junit.platform.suite.engine.SuiteTestEngine.execute(SuiteTestEngine.java:73)
	at org.junit.platform.launcher.core.EngineExecutionOrchestrator.execute(EngineExecutionOrchestrator.java:198)
	at org.junit.platform.launcher.core.EngineExecutionOrchestrator.execute(EngineExecutionOrchestrator.java:169)
	at org.junit.platform.launcher.core.EngineExecutionOrchestrator.execute(EngineExecutionOrchestrator.java:93)
	at org.junit.platform.launcher.core.EngineExecutionOrchestrator.lambda$execute$0(EngineExecutionOrchestrator.java:58)
	at org.junit.platform.launcher.core.EngineExecutionOrchestrator.withInterceptedStreams(EngineExecutionOrchestrator.java:141)
	at org.junit.platform.launcher.core.EngineExecutionOrchestrator.execute(EngineExecutionOrchestrator.java:57)
	at org.junit.platform.launcher.core.DefaultLauncher.execute(DefaultLauncher.java:103)
	at org.junit.platform.launcher.core.DefaultLauncher.execute(DefaultLauncher.java:85)
	at org.junit.platform.launcher.core.DelegatingLauncher.execute(DelegatingLauncher.java:47)
	at org.gradle.api.internal.tasks.testing.junitplatform.JUnitPlatformTestClassProcessor$CollectAllTestClassesExecutor.processAllTestClasses(JUnitPlatformTestClassProcessor.java:135)
	at org.gradle.api.internal.tasks.testing.junitplatform.JUnitPlatformTestClassProcessor$CollectAllTestClassesExecutor.access$000(JUnitPlatformTestClassProcessor.java:110)
	at org.gradle.api.internal.tasks.testing.junitplatform.JUnitPlatformTestClassProcessor.stop(JUnitPlatformTestClassProcessor.java:104)
	at org.gradle.api.internal.tasks.testing.SuiteTestClassProcessor.stop(SuiteTestClassProcessor.java:64)
	at java.base/jdk.internal.reflect.NativeMethodAccessorImpl.invoke0(Native Method)
	at java.base/jdk.internal.reflect.NativeMethodAccessorImpl.invoke(NativeMethodAccessorImpl.java:77)
	at java.base/jdk.internal.reflect.DelegatingMethodAccessorImpl.invoke(DelegatingMethodAccessorImpl.java:43)
	at java.base/java.lang.reflect.Method.invoke(Method.java:569)
	at org.gradle.internal.dispatch.ReflectionDispatch.dispatch(ReflectionDispatch.java:36)
	at org.gradle.internal.dispatch.ReflectionDispatch.dispatch(ReflectionDispatch.java:24)
	at org.gradle.internal.dispatch.ContextClassLoaderDispatch.dispatch(ContextClassLoaderDispatch.java:33)
	at org.gradle.internal.dispatch.ProxyDispatchAdapter$DispatchingInvocationHandler.invoke(ProxyDispatchAdapter.java:92)
	at jdk.proxy1/jdk.proxy1.$Proxy4.stop(Unknown Source)
	at org.gradle.api.internal.tasks.testing.worker.TestWorker$3.run(TestWorker.java:200)
	at org.gradle.api.internal.tasks.testing.worker.TestWorker.executeAndMaintainThreadName(TestWorker.java:132)
	at org.gradle.api.internal.tasks.testing.worker.TestWorker.execute(TestWorker.java:103)
	at org.gradle.api.internal.tasks.testing.worker.TestWorker.execute(TestWorker.java:63)
	at org.gradle.process.internal.worker.child.ActionExecutionWorker.execute(ActionExecutionWorker.java:56)
	at org.gradle.process.internal.worker.child.SystemApplicationClassLoaderWorker.call(SystemApplicationClassLoaderWorker.java:122)
	at org.gradle.process.internal.worker.child.SystemApplicationClassLoaderWorker.call(SystemApplicationClassLoaderWorker.java:72)
	at worker.org.gradle.process.internal.worker.GradleWorkerMain.run(GradleWorkerMain.java:69)
	at worker.org.gradle.process.internal.worker.GradleWorkerMain.main(GradleWorkerMain.java:74)
2025-09-02 10:01:53.304 [Test worker] WARN  c.s.h.bdd.steps.DiagnosticSteps - ‚ö†Ô∏è Index de sant√© invalide: Index de sant√© invalide [0]: L'index de sant√© doit √™tre positif
2025-09-02 10:01:53.304 [Test worker] INFO  c.s.h.bdd.steps.DiagnosticSteps - üö´ V√©rification rejet de l'index invalide...
2025-09-02 10:01:53.304 [Test worker] INFO  c.s.h.bdd.steps.DiagnosticSteps - ‚úÖ Index rejet√© correctement !
2025-09-02 10:01:53.307 [Test worker] INFO  c.s.h.bdd.steps.DiagnosticSteps - üîß Initialisation de la cabine d'auto-diagnostic...
2025-09-02 10:01:53.307 [Test worker] INFO  c.s.h.bdd.steps.DiagnosticSteps - ‚úÖ Cabine op√©rationnelle !
2025-09-02 10:01:53.307 [Test worker] INFO  c.s.h.bdd.steps.DiagnosticSteps - üë§ Patient cr√©√© avec index de sant√©: 101
2025-09-02 10:01:53.307 [Test worker] INFO  c.s.h.bdd.steps.DiagnosticSteps - üîç Analyse de l'index de sant√©: 101
2025-09-02 10:01:53.307 [Test worker] INFO  c.s.h.service.DiagnosticService - D√©but de l'analyse de l'index de sant√©: 101
2025-09-02 10:01:53.307 [Test worker] ERROR c.s.h.service.DiagnosticService - Index de sant√© invalide: 101
com.softway.hospital.exception.InvalidHealthIndexException: Index de sant√© invalide [101]: L'index de sant√© ne peut pas d√©passer 100
	at com.softway.hospital.service.impl.StandardDiagnosticStrategy.validateHealthIndex(StandardDiagnosticStrategy.java:63)
	at com.softway.hospital.service.impl.StandardDiagnosticStrategy.analyzeHealthIndex(StandardDiagnosticStrategy.java:32)
	at com.softway.hospital.service.DiagnosticService.analyzeHealthIndex(DiagnosticService.java:42)
	at com.softway.hospital.bdd.steps.DiagnosticSteps.jAnalyseLIndexDeSante(DiagnosticSteps.java:45)
	at java.base/jdk.internal.reflect.NativeMethodAccessorImpl.invoke0(Native Method)
	at java.base/jdk.internal.reflect.NativeMethodAccessorImpl.invoke(NativeMethodAccessorImpl.java:77)
	at java.base/jdk.internal.reflect.DelegatingMethodAccessorImpl.invoke(DelegatingMethodAccessorImpl.java:43)
	at java.base/java.lang.reflect.Method.invoke(Method.java:569)
	at io.cucumber.java.Invoker.doInvoke(Invoker.java:66)
	at io.cucumber.java.Invoker.invoke(Invoker.java:24)
	at io.cucumber.java.AbstractGlueDefinition.invokeMethod(AbstractGlueDefinition.java:47)
	at io.cucumber.java.JavaStepDefinition.execute(JavaStepDefinition.java:29)
	at io.cucumber.core.runner.CoreStepDefinition.execute(CoreStepDefinition.java:66)
	at io.cucumber.core.runner.PickleStepDefinitionMatch.runStep(PickleStepDefinitionMatch.java:63)
	at io.cucumber.core.runner.ExecutionMode$1.execute(ExecutionMode.java:10)
	at io.cucumber.core.runner.TestStep.executeStep(TestStep.java:84)
	at io.cucumber.core.runner.TestStep.run(TestStep.java:56)
	at io.cucumber.core.runner.PickleStepTestStep.run(PickleStepTestStep.java:51)
	at io.cucumber.core.runner.TestCase.run(TestCase.java:84)
	at io.cucumber.core.runner.Runner.runPickle(Runner.java:75)
	at io.cucumber.junit.platform.engine.CucumberEngineExecutionContext.lambda$runTestCase$4(CucumberEngineExecutionContext.java:112)
	at io.cucumber.core.runtime.CucumberExecutionContext.lambda$runTestCase$5(CucumberExecutionContext.java:137)
	at io.cucumber.core.runtime.RethrowingThrowableCollector.executeAndThrow(RethrowingThrowableCollector.java:23)
	at io.cucumber.core.runtime.CucumberExecutionContext.runTestCase(CucumberExecutionContext.java:137)
	at io.cucumber.junit.platform.engine.CucumberEngineExecutionContext.runTestCase(CucumberEngineExecutionContext.java:109)
	at io.cucumber.junit.platform.engine.NodeDescriptor$PickleDescriptor.execute(NodeDescriptor.java:168)
	at io.cucumber.junit.platform.engine.NodeDescriptor$PickleDescriptor.execute(NodeDescriptor.java:90)
	at org.junit.platform.engine.support.hierarchical.NodeTestTask.lambda$executeRecursively$6(NodeTestTask.java:151)
	at org.junit.platform.engine.support.hierarchical.ThrowableCollector.execute(ThrowableCollector.java:73)
	at org.junit.platform.engine.support.hierarchical.NodeTestTask.lambda$executeRecursively$8(NodeTestTask.java:141)
	at org.junit.platform.engine.support.hierarchical.Node.around(Node.java:137)
	at org.junit.platform.engine.support.hierarchical.NodeTestTask.lambda$executeRecursively$9(NodeTestTask.java:139)
	at org.junit.platform.engine.support.hierarchical.ThrowableCollector.execute(ThrowableCollector.java:73)
	at org.junit.platform.engine.support.hierarchical.NodeTestTask.executeRecursively(NodeTestTask.java:138)
	at org.junit.platform.engine.support.hierarchical.NodeTestTask.execute(NodeTestTask.java:95)
	at java.base/java.util.ArrayList.forEach(ArrayList.java:1511)
	at org.junit.platform.engine.support.hierarchical.SameThreadHierarchicalTestExecutorService.invokeAll(SameThreadHierarchicalTestExecutorService.java:41)
	at org.junit.platform.engine.support.hierarchical.NodeTestTask.lambda$executeRecursively$6(NodeTestTask.java:155)
	at org.junit.platform.engine.support.hierarchical.ThrowableCollector.execute(ThrowableCollector.java:73)
	at org.junit.platform.engine.support.hierarchical.NodeTestTask.lambda$executeRecursively$8(NodeTestTask.java:141)
	at org.junit.platform.engine.support.hierarchical.Node.around(Node.java:137)
	at org.junit.platform.engine.support.hierarchical.NodeTestTask.lambda$executeRecursively$9(NodeTestTask.java:139)
	at org.junit.platform.engine.support.hierarchical.ThrowableCollector.execute(ThrowableCollector.java:73)
	at org.junit.platform.engine.support.hierarchical.NodeTestTask.executeRecursively(NodeTestTask.java:138)
	at org.junit.platform.engine.support.hierarchical.NodeTestTask.execute(NodeTestTask.java:95)
	at java.base/java.util.ArrayList.forEach(ArrayList.java:1511)
	at org.junit.platform.engine.support.hierarchical.SameThreadHierarchicalTestExecutorService.invokeAll(SameThreadHierarchicalTestExecutorService.java:41)
	at org.junit.platform.engine.support.hierarchical.NodeTestTask.lambda$executeRecursively$6(NodeTestTask.java:155)
	at org.junit.platform.engine.support.hierarchical.ThrowableCollector.execute(ThrowableCollector.java:73)
	at org.junit.platform.engine.support.hierarchical.NodeTestTask.lambda$executeRecursively$8(NodeTestTask.java:141)
	at org.junit.platform.engine.support.hierarchical.Node.around(Node.java:137)
	at org.junit.platform.engine.support.hierarchical.NodeTestTask.lambda$executeRecursively$9(NodeTestTask.java:139)
	at org.junit.platform.engine.support.hierarchical.ThrowableCollector.execute(ThrowableCollector.java:73)
	at org.junit.platform.engine.support.hierarchical.NodeTestTask.executeRecursively(NodeTestTask.java:138)
	at org.junit.platform.engine.support.hierarchical.NodeTestTask.execute(NodeTestTask.java:95)
	at org.junit.platform.engine.support.hierarchical.SameThreadHierarchicalTestExecutorService.submit(SameThreadHierarchicalTestExecutorService.java:35)
	at org.junit.platform.engine.support.hierarchical.HierarchicalTestExecutor.execute(HierarchicalTestExecutor.java:57)
	at org.junit.platform.engine.support.hierarchical.HierarchicalTestEngine.execute(HierarchicalTestEngine.java:54)
	at org.junit.platform.launcher.core.EngineExecutionOrchestrator.execute(EngineExecutionOrchestrator.java:198)
	at org.junit.platform.launcher.core.EngineExecutionOrchestrator.execute(EngineExecutionOrchestrator.java:169)
	at org.junit.platform.launcher.core.EngineExecutionOrchestrator.execute(EngineExecutionOrchestrator.java:93)
	at org.junit.platform.launcher.core.EngineExecutionOrchestrator.execute(EngineExecutionOrchestrator.java:76)
	at org.junit.platform.suite.engine.SuiteLauncher.execute(SuiteLauncher.java:63)
	at org.junit.platform.suite.engine.SuiteTestDescriptor.execute(SuiteTestDescriptor.java:128)
	at org.junit.platform.suite.engine.SuiteTestEngine.lambda$execute$0(SuiteTestEngine.java:73)
	at java.base/java.util.stream.ForEachOps$ForEachOp$OfRef.accept(ForEachOps.java:183)
	at java.base/java.util.stream.ReferencePipeline$3$1.accept(ReferencePipeline.java:197)
	at java.base/java.util.Iterator.forEachRemaining(Iterator.java:133)
	at java.base/java.util.Spliterators$IteratorSpliterator.forEachRemaining(Spliterators.java:1845)
	at java.base/java.util.stream.AbstractPipeline.copyInto(AbstractPipeline.java:509)
	at java.base/java.util.stream.AbstractPipeline.wrapAndCopyInto(AbstractPipeline.java:499)
	at java.base/java.util.stream.ForEachOps$ForEachOp.evaluateSequential(ForEachOps.java:150)
	at java.base/java.util.stream.ForEachOps$ForEachOp$OfRef.evaluateSequential(ForEachOps.java:173)
	at java.base/java.util.stream.AbstractPipeline.evaluate(AbstractPipeline.java:234)
	at java.base/java.util.stream.ReferencePipeline.forEach(ReferencePipeline.java:596)
	at org.junit.platform.suite.engine.SuiteTestEngine.execute(SuiteTestEngine.java:73)
	at org.junit.platform.launcher.core.EngineExecutionOrchestrator.execute(EngineExecutionOrchestrator.java:198)
	at org.junit.platform.launcher.core.EngineExecutionOrchestrator.execute(EngineExecutionOrchestrator.java:169)
	at org.junit.platform.launcher.core.EngineExecutionOrchestrator.execute(EngineExecutionOrchestrator.java:93)
	at org.junit.platform.launcher.core.EngineExecutionOrchestrator.lambda$execute$0(EngineExecutionOrchestrator.java:58)
	at org.junit.platform.launcher.core.EngineExecutionOrchestrator.withInterceptedStreams(EngineExecutionOrchestrator.java:141)
	at org.junit.platform.launcher.core.EngineExecutionOrchestrator.execute(EngineExecutionOrchestrator.java:57)
	at org.junit.platform.launcher.core.DefaultLauncher.execute(DefaultLauncher.java:103)
	at org.junit.platform.launcher.core.DefaultLauncher.execute(DefaultLauncher.java:85)
	at org.junit.platform.launcher.core.DelegatingLauncher.execute(DelegatingLauncher.java:47)
	at org.gradle.api.internal.tasks.testing.junitplatform.JUnitPlatformTestClassProcessor$CollectAllTestClassesExecutor.processAllTestClasses(JUnitPlatformTestClassProcessor.java:135)
	at org.gradle.api.internal.tasks.testing.junitplatform.JUnitPlatformTestClassProcessor$CollectAllTestClassesExecutor.access$000(JUnitPlatformTestClassProcessor.java:110)
	at org.gradle.api.internal.tasks.testing.junitplatform.JUnitPlatformTestClassProcessor.stop(JUnitPlatformTestClassProcessor.java:104)
	at org.gradle.api.internal.tasks.testing.SuiteTestClassProcessor.stop(SuiteTestClassProcessor.java:64)
	at java.base/jdk.internal.reflect.NativeMethodAccessorImpl.invoke0(Native Method)
	at java.base/jdk.internal.reflect.NativeMethodAccessorImpl.invoke(NativeMethodAccessorImpl.java:77)
	at java.base/jdk.internal.reflect.DelegatingMethodAccessorImpl.invoke(DelegatingMethodAccessorImpl.java:43)
	at java.base/java.lang.reflect.Method.invoke(Method.java:569)
	at org.gradle.internal.dispatch.ReflectionDispatch.dispatch(ReflectionDispatch.java:36)
	at org.gradle.internal.dispatch.ReflectionDispatch.dispatch(ReflectionDispatch.java:24)
	at org.gradle.internal.dispatch.ContextClassLoaderDispatch.dispatch(ContextClassLoaderDispatch.java:33)
	at org.gradle.internal.dispatch.ProxyDispatchAdapter$DispatchingInvocationHandler.invoke(ProxyDispatchAdapter.java:92)
	at jdk.proxy1/jdk.proxy1.$Proxy4.stop(Unknown Source)
	at org.gradle.api.internal.tasks.testing.worker.TestWorker$3.run(TestWorker.java:200)
	at org.gradle.api.internal.tasks.testing.worker.TestWorker.executeAndMaintainThreadName(TestWorker.java:132)
	at org.gradle.api.internal.tasks.testing.worker.TestWorker.execute(TestWorker.java:103)
	at org.gradle.api.internal.tasks.testing.worker.TestWorker.execute(TestWorker.java:63)
	at org.gradle.process.internal.worker.child.ActionExecutionWorker.execute(ActionExecutionWorker.java:56)
	at org.gradle.process.internal.worker.child.SystemApplicationClassLoaderWorker.call(SystemApplicationClassLoaderWorker.java:122)
	at org.gradle.process.internal.worker.child.SystemApplicationClassLoaderWorker.call(SystemApplicationClassLoaderWorker.java:72)
	at worker.org.gradle.process.internal.worker.GradleWorkerMain.run(GradleWorkerMain.java:69)
	at worker.org.gradle.process.internal.worker.GradleWorkerMain.main(GradleWorkerMain.java:74)
2025-09-02 10:01:53.309 [Test worker] WARN  c.s.h.bdd.steps.DiagnosticSteps - ‚ö†Ô∏è Index de sant√© invalide: Index de sant√© invalide [101]: L'index de sant√© ne peut pas d√©passer 100
2025-09-02 10:01:53.310 [Test worker] INFO  c.s.h.bdd.steps.DiagnosticSteps - üö´ V√©rification rejet de l'index invalide...
2025-09-02 10:01:53.310 [Test worker] INFO  c.s.h.bdd.steps.DiagnosticSteps - ‚úÖ Index rejet√© correctement !
2025-09-02 10:01:53.313 [Test worker] INFO  c.s.h.bdd.steps.DiagnosticSteps - üîß Initialisation de la cabine d'auto-diagnostic...
2025-09-02 10:01:53.313 [Test worker] INFO  c.s.h.bdd.steps.DiagnosticSteps - ‚úÖ Cabine op√©rationnelle !
2025-09-02 10:01:53.313 [Test worker] INFO  c.s.h.bdd.steps.DiagnosticSteps - üë§ Patient cr√©√© avec index de sant√©: 15
2025-09-02 10:01:53.313 [Test worker] INFO  c.s.h.bdd.steps.DiagnosticSteps - üîç Analyse de l'index de sant√©: 15
2025-09-02 10:01:53.313 [Test worker] INFO  c.s.h.service.DiagnosticService - D√©but de l'analyse de l'index de sant√©: 15
2025-09-02 10:01:53.313 [Test worker] INFO  c.s.h.service.DiagnosticService - Analyse termin√©e. Pathologies d√©tect√©es: [CARDIOLOGY, TRAUMATOLOGY]
2025-09-02 10:01:53.313 [Test worker] INFO  c.s.h.bdd.steps.DiagnosticSteps - üìä R√©sultat de l'analyse: [CARDIOLOGY, TRAUMATOLOGY]
2025-09-02 10:01:53.313 [Test worker] INFO  c.s.h.bdd.steps.DiagnosticSteps - ‚ù§Ô∏è V√©rification probl√®me cardiaque...
2025-09-02 10:01:53.313 [Test worker] INFO  c.s.h.bdd.steps.DiagnosticSteps - ‚úÖ Probl√®me cardiaque d√©tect√© !
2025-09-02 10:01:53.313 [Test worker] INFO  c.s.h.bdd.steps.DiagnosticSteps - ü¶¥ V√©rification fracture...
2025-09-02 10:01:53.313 [Test worker] INFO  c.s.h.bdd.steps.DiagnosticSteps - ‚úÖ Fracture d√©tect√©e !
2025-09-02 10:01:53.314 [Test worker] INFO  c.s.h.bdd.steps.DiagnosticSteps - üìã V√©rification r√©ponse: Cardiologie, Traumatologie
2025-09-02 10:01:53.314 [Test worker] INFO  c.s.h.bdd.steps.DiagnosticSteps - ‚úÖ R√©ponse correcte !
